@!@!@STARTMSG 2262:0 @!@!@
TLC2 Version 2.16 of 31 December 2020 (rev: cdddf55)
@!@!@ENDMSG 2262 @!@!@
@!@!@STARTMSG 2187:0 @!@!@
Running breadth-first search Model-Checking with fp 58 and seed 2238378421948550109 with 1 worker on 8 cores with 5394MB heap and 64MB offheap memory [pid: 29124] (Windows 11 10.0 amd64, Eclipse Adoptium 11.0.18 x86_64, MSBDiskFPSet, DiskStateQueue).
@!@!@ENDMSG 2187 @!@!@
@!@!@STARTMSG 2220:0 @!@!@
Starting SANY...
@!@!@ENDMSG 2220 @!@!@
Parsing file C:\Users\elgue\OneDrive\Bureau\SN\2SN\S8\sysTr\tp\TLA-TP2\exam.tla
***Parse Error***
Was expecting "==== or more Module body"
Encountered "<EOF>" at line 41, column 46 and token "Fairness" 

Residual stack trace follows:
Module definition starting at line 1, column 1.


Fatal errors while parsing TLA+ spec in file exam

tla2sany.semantic.AbortException
*** Abort messages: 1

In module exam

Could not parse module exam from file exam.tla


@!@!@STARTMSG 2219:0 @!@!@
SANY finished.
@!@!@ENDMSG 2219 @!@!@
@!@!@STARTMSG 2185:0 @!@!@
Starting... (2024-03-28 04:57:42)
@!@!@ENDMSG 2185 @!@!@
@!@!@STARTMSG 3002:1 @!@!@
Parsing or semantic analysis failed.
@!@!@ENDMSG 3002 @!@!@
@!@!@STARTMSG 2186:0 @!@!@
Finished in 416ms at (2024-03-28 04:57:42)
@!@!@ENDMSG 2186 @!@!@
